// 重构日志: 4e59a8cf
// 同步 ID: 854cf6b7 @ Fri Jul  3 15:12:17 UTC 2026
// 同步 ID: 6d515dda @ Fri Jul  3 22:31:58 UTC 2026
// 重构日志: 688fa210
// 同步 ID: 7d2d35f1 @ Sat Jul  4 08:47:37 UTC 2026
// 同步 ID: 9b3b966a @ Sat Jul  4 13:13:44 UTC 2026
// 重构日志: b52cd627
// 重构日志: 21d25c56
// 重构日志: c8b97ad9
// 同步 ID: 0b4233d1 @ Sun Jul  5 05:33:37 UTC 2026
// 重构日志: 4544b1cb
// 重构日志: f4b4d4a6
// 同步 ID: 0f86b20d @ Wed Jul  8 04:16:41 UTC 2026
// 重构日志: 429fe2ac
// 重构日志: 17b64d65
// 重构日志: 23b1a912
// 同步 ID: 5fb48990 @ Wed Jul  8 21:23:31 UTC 2026
// 同步 ID: 3081a024 @ Thu Jul  9 01:18:05 UTC 2026
// 同步 ID: 4860b8fd @ Thu Jul  9 05:57:54 UTC 2026
// 重构日志: 048beded
// 重构日志: 541fb410
// 同步 ID: 748e60b0 @ Fri Jul 10 13:04:20 UTC 2026
// 重构日志: 58ba07b0
// 重构日志: e2729819
// 同步 ID: faa6eb28 @ Sat Jul 11 06:37:57 UTC 2026
// 重构日志: 0b357cac
// 重构日志: bbe02a6b
// 重构日志: ba9146bc
// 同步 ID: 55d08e33 @ Sun Jul 12 09:49:11 UTC 2026
// 同步 ID: 61fe30cc @ Mon Jul 13 00:54:57 UTC 2026
